# JRE version: OpenJDK Runtime Environment (8.0_242-b01) (build 1.8.0_242-release-1644-b01)
# Java VM: OpenJDK 64-Bit Server VM (25.242-b01 mixed mode windows-amd64 compressed oops)
Heap:
 PSYoungGen      total 138240K, used 85463K [0x00000000d5580000, 0x00000000de880000, 0x0000000100000000)
  eden space 126976K, 67% used [0x00000000d5580000,0x00000000da8f5c80,0x00000000dd180000)
  from space 11264K, 0% used [0x00000000dd180000,0x00000000dd180000,0x00000000ddc80000)
  to   space 10240K, 0% used [0x00000000ddc80000,0x00000000ddc80000,0x00000000de680000)
 ParOldGen       total 48128K, used 13810K [0x0000000080000000, 0x0000000082f00000, 0x00000000d5580000)
  object space 48128K, 28% used [0x0000000080000000,0x0000000080d7c8b8,0x0000000082f00000)
 Metaspace       used 37708K, capacity 39390K, committed 39640K, reserved 1083392K
  class space    used 5204K, capacity 5560K, committed 5632K, reserved 1048576K
GC Heap History (10 events):
Event: 29.223 GC heap before
{Heap before GC invocations=7 (full 1):
 PSYoungGen      total 76288K, used 8433K [0x00000000d5580000, 0x00000000dab80000, 0x0000000100000000)
  eden space 66048K, 0% used [0x00000000d5580000,0x00000000d5580000,0x00000000d9600000)
  from space 10240K, 82% used [0x00000000da080000,0x00000000da8bc520,0x00000000daa80000)
  to   space 10752K, 0% used [0x00000000d9600000,0x00000000d9600000,0x00000000da080000)
 ParOldGen       total 87552K, used 6761K [0x0000000080000000, 0x0000000085580000, 0x00000000d5580000)
  object space 87552K, 7% used [0x0000000080000000,0x000000008069a6c8,0x0000000085580000)
 Metaspace       used 20493K, capacity 21166K, committed 21248K, reserved 1067008K
  class space    used 2858K, capacity 3039K, committed 3072K, reserved 1048576K
Event: 29.254 GC heap after
Heap after GC invocations=7 (full 1):
 PSYoungGen      total 76288K, used 0K [0x00000000d5580000, 0x00000000dab80000, 0x0000000100000000)
  eden space 66048K, 0% used [0x00000000d5580000,0x00000000d5580000,0x00000000d9600000)
  from space 10240K, 0% used [0x00000000da080000,0x00000000da080000,0x00000000daa80000)
  to   space 10752K, 0% used [0x00000000d9600000,0x00000000d9600000,0x00000000da080000)
 ParOldGen       total 48128K, used 9030K [0x0000000080000000, 0x0000000082f00000, 0x00000000d5580000)
  object space 48128K, 18% used [0x0000000080000000,0x00000000808d1b70,0x0000000082f00000)
 Metaspace       used 20493K, capacity 21166K, committed 21248K, reserved 1067008K
  class space    used 2858K, capacity 3039K, committed 3072K, reserved 1048576K
}
Event: 31.686 GC heap before
{Heap before GC invocations=8 (full 1):
 PSYoungGen      total 76288K, used 66048K [0x00000000d5580000, 0x00000000dab80000, 0x0000000100000000)
  eden space 66048K, 100% used [0x00000000d5580000,0x00000000d9600000,0x00000000d9600000)
  from space 10240K, 0% used [0x00000000da080000,0x00000000da080000,0x00000000daa80000)
  to   space 10752K, 0% used [0x00000000d9600000,0x00000000d9600000,0x00000000da080000)
 ParOldGen       total 48128K, used 9030K [0x0000000080000000, 0x0000000082f00000, 0x00000000d5580000)
  object space 48128K, 18% used [0x0000000080000000,0x00000000808d1b70,0x0000000082f00000)
 Metaspace       used 25129K, capacity 26130K, committed 26496K, reserved 1071104K
  class space    used 3588K, capacity 3855K, committed 3968K, reserved 1048576K
Event: 31.693 GC heap after
Heap after GC invocations=8 (full 1):
 PSYoungGen      total 76800K, used 5736K [0x00000000d5580000, 0x00000000de680000, 0x0000000100000000)
  eden space 66048K, 0% used [0x00000000d5580000,0x00000000d5580000,0x00000000d9600000)
  from space 10752K, 53% used [0x00000000d9600000,0x00000000d9b9a358,0x00000000da080000)
  to   space 10240K, 0% used [0x00000000ddc80000,0x00000000ddc80000,0x00000000de680000)
 ParOldGen       total 48128K, used 9038K [0x0000000080000000, 0x0000000082f00000, 0x00000000d5580000)
  object space 48128K, 18% used [0x0000000080000000,0x00000000808d3b70,0x0000000082f00000)
 Metaspace       used 25129K, capacity 26130K, committed 26496K, reserved 1071104K
  class space    used 3588K, capacity 3855K, committed 3968K, reserved 1048576K
}
Event: 32.599 GC heap before
{Heap before GC invocations=9 (full 1):
 PSYoungGen      total 76800K, used 71784K [0x00000000d5580000, 0x00000000de680000, 0x0000000100000000)
  eden space 66048K, 100% used [0x00000000d5580000,0x00000000d9600000,0x00000000d9600000)
  from space 10752K, 53% used [0x00000000d9600000,0x00000000d9b9a358,0x00000000da080000)
  to   space 10240K, 0% used [0x00000000ddc80000,0x00000000ddc80000,0x00000000de680000)
 ParOldGen       total 48128K, used 9038K [0x0000000080000000, 0x0000000082f00000, 0x00000000d5580000)
  object space 48128K, 18% used [0x0000000080000000,0x00000000808d3b70,0x0000000082f00000)
 Metaspace       used 33083K, capacity 34278K, committed 34560K, reserved 1079296K
  class space    used 4472K, capacity 4782K, committed 4864K, reserved 1048576K
Event: 32.611 GC heap after
Heap after GC invocations=9 (full 1):
 PSYoungGen      total 137216K, used 9353K [0x00000000d5580000, 0x00000000de880000, 0x0000000100000000)
  eden space 126976K, 0% used [0x00000000d5580000,0x00000000d5580000,0x00000000dd180000)
  from space 10240K, 91% used [0x00000000ddc80000,0x00000000de5a2758,0x00000000de680000)
  to   space 11264K, 0% used [0x00000000dd180000,0x00000000dd180000,0x00000000ddc80000)
 ParOldGen       total 48128K, used 9046K [0x0000000080000000, 0x0000000082f00000, 0x00000000d5580000)
  object space 48128K, 18% used [0x0000000080000000,0x00000000808d5b70,0x0000000082f00000)
 Metaspace       used 33083K, capacity 34278K, committed 34560K, reserved 1079296K
  class space    used 4472K, capacity 4782K, committed 4864K, reserved 1048576K
}
Event: 33.104 GC heap before
{Heap before GC invocations=10 (full 1):
 PSYoungGen      total 137216K, used 35226K [0x00000000d5580000, 0x00000000de880000, 0x0000000100000000)
  eden space 126976K, 20% used [0x00000000d5580000,0x00000000d6ec4428,0x00000000dd180000)
  from space 10240K, 91% used [0x00000000ddc80000,0x00000000de5a2758,0x00000000de680000)
  to   space 11264K, 0% used [0x00000000dd180000,0x00000000dd180000,0x00000000ddc80000)
 ParOldGen       total 48128K, used 9046K [0x0000000080000000, 0x0000000082f00000, 0x00000000d5580000)
  object space 48128K, 18% used [0x0000000080000000,0x00000000808d5b70,0x0000000082f00000)
 Metaspace       used 34047K, capacity 35294K, committed 35416K, reserved 1079296K
  class space    used 4590K, capacity 4916K, committed 4992K, reserved 1048576K
Event: 33.125 GC heap after
Heap after GC invocations=10 (full 1):
 PSYoungGen      total 138240K, used 7261K [0x00000000d5580000, 0x00000000de880000, 0x0000000100000000)
  eden space 126976K, 0% used [0x00000000d5580000,0x00000000d5580000,0x00000000dd180000)
  from space 11264K, 64% used [0x00000000dd180000,0x00000000dd8975e0,0x00000000ddc80000)
  to   space 10240K, 0% used [0x00000000ddc80000,0x00000000ddc80000,0x00000000de680000)
 ParOldGen       total 48128K, used 9054K [0x0000000080000000, 0x0000000082f00000, 0x00000000d5580000)
  object space 48128K, 18% used [0x0000000080000000,0x00000000808d7b70,0x0000000082f00000)
 Metaspace       used 34047K, capacity 35294K, committed 35416K, reserved 1079296K
  class space    used 4590K, capacity 4916K, committed 4992K, reserved 1048576K
}
Event: 33.125 GC heap before
{Heap before GC invocations=11 (full 2):
 PSYoungGen      total 138240K, used 7261K [0x00000000d5580000, 0x00000000de880000, 0x0000000100000000)
  eden space 126976K, 0% used [0x00000000d5580000,0x00000000d5580000,0x00000000dd180000)
  from space 11264K, 64% used [0x00000000dd180000,0x00000000dd8975e0,0x00000000ddc80000)
  to   space 10240K, 0% used [0x00000000ddc80000,0x00000000ddc80000,0x00000000de680000)
 ParOldGen       total 48128K, used 9054K [0x0000000080000000, 0x0000000082f00000, 0x00000000d5580000)
  object space 48128K, 18% used [0x0000000080000000,0x00000000808d7b70,0x0000000082f00000)
 Metaspace       used 34047K, capacity 35294K, committed 35416K, reserved 1079296K
  class space    used 4590K, capacity 4916K, committed 4992K, reserved 1048576K
Event: 33.197 GC heap after
Heap after GC invocations=11 (full 2):
 PSYoungGen      total 138240K, used 0K [0x00000000d5580000, 0x00000000de880000, 0x0000000100000000)
  eden space 126976K, 0% used [0x00000000d5580000,0x00000000d5580000,0x00000000dd180000)
  from space 11264K, 0% used [0x00000000dd180000,0x00000000dd180000,0x00000000ddc80000)
  to   space 10240K, 0% used [0x00000000ddc80000,0x00000000ddc80000,0x00000000de680000)
 ParOldGen       total 48128K, used 13810K [0x0000000080000000, 0x0000000082f00000, 0x00000000d5580000)
  object space 48128K, 28% used [0x0000000080000000,0x0000000080d7c8b8,0x0000000082f00000)
 Metaspace       used 34047K, capacity 35294K, committed 35416K, reserved 1079296K
  class space    used 4590K, capacity 4916K, committed 4992K, reserved 1048576K
}

