# JRE version: OpenJDK Runtime Environment (8.0_242-b01) (build 1.8.0_242-release-1644-b01)
# Java VM: OpenJDK 64-Bit Server VM (25.242-b01 mixed mode windows-amd64 compressed oops)
Heap:
 PSYoungGen      total 186880K, used 65686K [0x00000000d5580000, 0x00000000e1a80000, 0x0000000100000000)
  eden space 179200K, 35% used [0x00000000d5580000,0x00000000d93e9798,0x00000000e0480000)
  from space 7680K, 23% used [0x00000000e1300000,0x00000000e14bc120,0x00000000e1a80000)
  to   space 11264K, 0% used [0x00000000e0480000,0x00000000e0480000,0x00000000e0f80000)
 ParOldGen       total 79360K, used 15761K [0x0000000080000000, 0x0000000084d80000, 0x00000000d5580000)
  object space 79360K, 19% used [0x0000000080000000,0x0000000080f64608,0x0000000084d80000)
 Metaspace       used 37429K, capacity 38700K, committed 38832K, reserved 1083392K
  class space    used 4930K, capacity 5291K, committed 5296K, reserved 1048576K
GC Heap History (10 events):
Event: 19.658 GC heap before
{Heap before GC invocations=12 (full 2):
 PSYoungGen      total 132608K, used 125417K [0x00000000d5580000, 0x00000000de300000, 0x0000000100000000)
  eden space 121344K, 100% used [0x00000000d5580000,0x00000000dcc00000,0x00000000dcc00000)
  from space 11264K, 36% used [0x00000000dcc00000,0x00000000dcffa478,0x00000000dd700000)
  to   space 10752K, 0% used [0x00000000dd700000,0x00000000dd700000,0x00000000de180000)
 ParOldGen       total 79360K, used 15761K [0x0000000080000000, 0x0000000084d80000, 0x00000000d5580000)
  object space 79360K, 19% used [0x0000000080000000,0x0000000080f64608,0x0000000084d80000)
 Metaspace       used 34955K, capacity 36034K, committed 36272K, reserved 1081344K
  class space    used 4650K, capacity 4972K, committed 5040K, reserved 1048576K
Event: 19.662 GC heap after
Heap after GC invocations=12 (full 2):
 PSYoungGen      total 132096K, used 7163K [0x00000000d5580000, 0x00000000de300000, 0x0000000100000000)
  eden space 121344K, 0% used [0x00000000d5580000,0x00000000d5580000,0x00000000dcc00000)
  from space 10752K, 66% used [0x00000000dd700000,0x00000000dddfed08,0x00000000de180000)
  to   space 11264K, 0% used [0x00000000dcc00000,0x00000000dcc00000,0x00000000dd700000)
 ParOldGen       total 79360K, used 15761K [0x0000000080000000, 0x0000000084d80000, 0x00000000d5580000)
  object space 79360K, 19% used [0x0000000080000000,0x0000000080f64608,0x0000000084d80000)
 Metaspace       used 34955K, capacity 36034K, committed 36272K, reserved 1081344K
  class space    used 4650K, capacity 4972K, committed 5040K, reserved 1048576K
}
Event: 21.092 GC heap before
{Heap before GC invocations=13 (full 2):
 PSYoungGen      total 132096K, used 128507K [0x00000000d5580000, 0x00000000de300000, 0x0000000100000000)
  eden space 121344K, 100% used [0x00000000d5580000,0x00000000dcc00000,0x00000000dcc00000)
  from space 10752K, 66% used [0x00000000dd700000,0x00000000dddfed08,0x00000000de180000)
  to   space 11264K, 0% used [0x00000000dcc00000,0x00000000dcc00000,0x00000000dd700000)
 ParOldGen       total 79360K, used 15761K [0x0000000080000000, 0x0000000084d80000, 0x00000000d5580000)
  object space 79360K, 19% used [0x0000000080000000,0x0000000080f64608,0x0000000084d80000)
 Metaspace       used 35472K, capacity 36536K, committed 36784K, reserved 1081344K
  class space    used 4696K, capacity 5026K, committed 5040K, reserved 1048576K
Event: 21.095 GC heap after
Heap after GC invocations=13 (full 2):
 PSYoungGen      total 132608K, used 3720K [0x00000000d5580000, 0x00000000dfd00000, 0x0000000100000000)
  eden space 121344K, 0% used [0x00000000d5580000,0x00000000d5580000,0x00000000dcc00000)
  from space 11264K, 33% used [0x00000000dcc00000,0x00000000dcfa2088,0x00000000dd700000)
  to   space 11264K, 0% used [0x00000000df200000,0x00000000df200000,0x00000000dfd00000)
 ParOldGen       total 79360K, used 15761K [0x0000000080000000, 0x0000000084d80000, 0x00000000d5580000)
  object space 79360K, 19% used [0x0000000080000000,0x0000000080f64608,0x0000000084d80000)
 Metaspace       used 35472K, capacity 36536K, committed 36784K, reserved 1081344K
  class space    used 4696K, capacity 5026K, committed 5040K, reserved 1048576K
}
Event: 21.732 GC heap before
{Heap before GC invocations=14 (full 2):
 PSYoungGen      total 132608K, used 125064K [0x00000000d5580000, 0x00000000dfd00000, 0x0000000100000000)
  eden space 121344K, 100% used [0x00000000d5580000,0x00000000dcc00000,0x00000000dcc00000)
  from space 11264K, 33% used [0x00000000dcc00000,0x00000000dcfa2088,0x00000000dd700000)
  to   space 11264K, 0% used [0x00000000df200000,0x00000000df200000,0x00000000dfd00000)
 ParOldGen       total 79360K, used 15761K [0x0000000080000000, 0x0000000084d80000, 0x00000000d5580000)
  object space 79360K, 19% used [0x0000000080000000,0x0000000080f64608,0x0000000084d80000)
 Metaspace       used 35479K, capacity 36536K, committed 36784K, reserved 1081344K
  class space    used 4696K, capacity 5026K, committed 5040K, reserved 1048576K
Event: 21.738 GC heap after
Heap after GC invocations=14 (full 2):
 PSYoungGen      total 160256K, used 7407K [0x00000000d5580000, 0x00000000dfd80000, 0x0000000100000000)
  eden space 148992K, 0% used [0x00000000d5580000,0x00000000d5580000,0x00000000de700000)
  from space 11264K, 65% used [0x00000000df200000,0x00000000df93bcd8,0x00000000dfd00000)
  to   space 11264K, 0% used [0x00000000de700000,0x00000000de700000,0x00000000df200000)
 ParOldGen       total 79360K, used 15761K [0x0000000080000000, 0x0000000084d80000, 0x00000000d5580000)
  object space 79360K, 19% used [0x0000000080000000,0x0000000080f64608,0x0000000084d80000)
 Metaspace       used 35479K, capacity 36536K, committed 36784K, reserved 1081344K
  class space    used 4696K, capacity 5026K, committed 5040K, reserved 1048576K
}
Event: 22.723 GC heap before
{Heap before GC invocations=15 (full 2):
 PSYoungGen      total 160256K, used 156399K [0x00000000d5580000, 0x00000000dfd80000, 0x0000000100000000)
  eden space 148992K, 100% used [0x00000000d5580000,0x00000000de700000,0x00000000de700000)
  from space 11264K, 65% used [0x00000000df200000,0x00000000df93bcd8,0x00000000dfd00000)
  to   space 11264K, 0% used [0x00000000de700000,0x00000000de700000,0x00000000df200000)
 ParOldGen       total 79360K, used 15761K [0x0000000080000000, 0x0000000084d80000, 0x00000000d5580000)
  object space 79360K, 19% used [0x0000000080000000,0x0000000080f64608,0x0000000084d80000)
 Metaspace       used 35483K, capacity 36536K, committed 36784K, reserved 1081344K
  class space    used 4696K, capacity 5026K, committed 5040K, reserved 1048576K
Event: 22.731 GC heap after
Heap after GC invocations=15 (full 2):
 PSYoungGen      total 160256K, used 5522K [0x00000000d5580000, 0x00000000e1d80000, 0x0000000100000000)
  eden space 148992K, 0% used [0x00000000d5580000,0x00000000d5580000,0x00000000de700000)
  from space 11264K, 49% used [0x00000000de700000,0x00000000dec64970,0x00000000df200000)
  to   space 10752K, 0% used [0x00000000e1300000,0x00000000e1300000,0x00000000e1d80000)
 ParOldGen       total 79360K, used 15761K [0x0000000080000000, 0x0000000084d80000, 0x00000000d5580000)
  object space 79360K, 19% used [0x0000000080000000,0x0000000080f64608,0x0000000084d80000)
 Metaspace       used 35483K, capacity 36536K, committed 36784K, reserved 1081344K
  class space    used 4696K, capacity 5026K, committed 5040K, reserved 1048576K
}
Event: 23.668 GC heap before
{Heap before GC invocations=16 (full 2):
 PSYoungGen      total 160256K, used 154514K [0x00000000d5580000, 0x00000000e1d80000, 0x0000000100000000)
  eden space 148992K, 100% used [0x00000000d5580000,0x00000000de700000,0x00000000de700000)
  from space 11264K, 49% used [0x00000000de700000,0x00000000dec64970,0x00000000df200000)
  to   space 10752K, 0% used [0x00000000e1300000,0x00000000e1300000,0x00000000e1d80000)
 ParOldGen       total 79360K, used 15761K [0x0000000080000000, 0x0000000084d80000, 0x00000000d5580000)
  object space 79360K, 19% used [0x0000000080000000,0x0000000080f64608,0x0000000084d80000)
 Metaspace       used 35489K, capacity 36536K, committed 36784K, reserved 1081344K
  class space    used 4696K, capacity 5026K, committed 5040K, reserved 1048576K
Event: 23.670 GC heap after
Heap after GC invocations=16 (full 2):
 PSYoungGen      total 186880K, used 1776K [0x00000000d5580000, 0x00000000e1a80000, 0x0000000100000000)
  eden space 179200K, 0% used [0x00000000d5580000,0x00000000d5580000,0x00000000e0480000)
  from space 7680K, 23% used [0x00000000e1300000,0x00000000e14bc120,0x00000000e1a80000)
  to   space 11264K, 0% used [0x00000000e0480000,0x00000000e0480000,0x00000000e0f80000)
 ParOldGen       total 79360K, used 15761K [0x0000000080000000, 0x0000000084d80000, 0x00000000d5580000)
  object space 79360K, 19% used [0x0000000080000000,0x0000000080f64608,0x0000000084d80000)
 Metaspace       used 35489K, capacity 36536K, committed 36784K, reserved 1081344K
  class space    used 4696K, capacity 5026K, committed 5040K, reserved 1048576K
}

