# JRE version: OpenJDK Runtime Environment (8.0_242-b01) (build 1.8.0_242-release-1644-b01)
# Java VM: OpenJDK 64-Bit Server VM (25.242-b01 mixed mode windows-amd64 compressed oops)
Heap:
 PSYoungGen      total 336384K, used 50640K [0x00000000d5580000, 0x00000000eeb80000, 0x0000000100000000)
  eden space 293376K, 2% used [0x00000000d5580000,0x00000000d5cf4570,0x00000000e7400000)
  from space 43008K, 99% used [0x00000000ec180000,0x00000000eeb7fdd8,0x00000000eeb80000)
  to   space 39424K, 0% used [0x00000000e7400000,0x00000000e7400000,0x00000000e9a80000)
 ParOldGen       total 191488K, used 80134K [0x0000000080000000, 0x000000008bb00000, 0x00000000d5580000)
  object space 191488K, 41% used [0x0000000080000000,0x0000000084e41ab0,0x000000008bb00000)
 Metaspace       used 138075K, capacity 145050K, committed 145368K, reserved 1175552K
  class space    used 17947K, capacity 19348K, committed 19456K, reserved 1048576K
GC Heap History (10 events):
Event: 973.283 GC heap before
{Heap before GC invocations=34 (full 4):
 PSYoungGen      total 268288K, used 261088K [0x00000000d5580000, 0x00000000ea000000, 0x0000000100000000)
  eden space 231424K, 99% used [0x00000000d5580000,0x00000000e377e800,0x00000000e3780000)
  from space 36864K, 80% used [0x00000000e3780000,0x00000000e5479a90,0x00000000e5b80000)
  to   space 38912K, 0% used [0x00000000e7a00000,0x00000000e7a00000,0x00000000ea000000)
 ParOldGen       total 191488K, used 69227K [0x0000000080000000, 0x000000008bb00000, 0x00000000d5580000)
  object space 191488K, 36% used [0x0000000080000000,0x000000008439ae18,0x000000008bb00000)
 Metaspace       used 121034K, capacity 126720K, committed 126936K, reserved 1159168K
  class space    used 15680K, capacity 16826K, committed 16896K, reserved 1048576K
Event: 973.309 GC heap after
Heap after GC invocations=34 (full 4):
 PSYoungGen      total 294400K, used 24709K [0x00000000d5580000, 0x00000000e9d80000, 0x0000000100000000)
  eden space 258048K, 0% used [0x00000000d5580000,0x00000000d5580000,0x00000000e5180000)
  from space 36352K, 67% used [0x00000000e7a00000,0x00000000e92216a8,0x00000000e9d80000)
  to   space 38912K, 0% used [0x00000000e5180000,0x00000000e5180000,0x00000000e7780000)
 ParOldGen       total 191488K, used 69299K [0x0000000080000000, 0x000000008bb00000, 0x00000000d5580000)
  object space 191488K, 36% used [0x0000000080000000,0x00000000843ace28,0x000000008bb00000)
 Metaspace       used 121034K, capacity 126720K, committed 126936K, reserved 1159168K
  class space    used 15680K, capacity 16826K, committed 16896K, reserved 1048576K
}
Event: 974.459 GC heap before
{Heap before GC invocations=35 (full 4):
 PSYoungGen      total 294400K, used 282757K [0x00000000d5580000, 0x00000000e9d80000, 0x0000000100000000)
  eden space 258048K, 100% used [0x00000000d5580000,0x00000000e5180000,0x00000000e5180000)
  from space 36352K, 67% used [0x00000000e7a00000,0x00000000e92216a8,0x00000000e9d80000)
  to   space 38912K, 0% used [0x00000000e5180000,0x00000000e5180000,0x00000000e7780000)
 ParOldGen       total 191488K, used 69299K [0x0000000080000000, 0x000000008bb00000, 0x00000000d5580000)
  object space 191488K, 36% used [0x0000000080000000,0x00000000843ace28,0x000000008bb00000)
 Metaspace       used 121305K, capacity 126962K, committed 127192K, reserved 1159168K
  class space    used 15708K, capacity 16861K, committed 16896K, reserved 1048576K
Event: 974.489 GC heap after
Heap after GC invocations=35 (full 4):
 PSYoungGen      total 296960K, used 18441K [0x00000000d5580000, 0x00000000ebf00000, 0x0000000100000000)
  eden space 258048K, 0% used [0x00000000d5580000,0x00000000d5580000,0x00000000e5180000)
  from space 38912K, 47% used [0x00000000e5180000,0x00000000e63824b0,0x00000000e7780000)
  to   space 37376K, 0% used [0x00000000e9a80000,0x00000000e9a80000,0x00000000ebf00000)
 ParOldGen       total 191488K, used 69307K [0x0000000080000000, 0x000000008bb00000, 0x00000000d5580000)
  object space 191488K, 36% used [0x0000000080000000,0x00000000843aee28,0x000000008bb00000)
 Metaspace       used 121305K, capacity 126962K, committed 127192K, reserved 1159168K
  class space    used 15708K, capacity 16861K, committed 16896K, reserved 1048576K
}
Event: 977.973 GC heap before
{Heap before GC invocations=36 (full 4):
 PSYoungGen      total 296960K, used 276489K [0x00000000d5580000, 0x00000000ebf00000, 0x0000000100000000)
  eden space 258048K, 100% used [0x00000000d5580000,0x00000000e5180000,0x00000000e5180000)
  from space 38912K, 47% used [0x00000000e5180000,0x00000000e63824b0,0x00000000e7780000)
  to   space 37376K, 0% used [0x00000000e9a80000,0x00000000e9a80000,0x00000000ebf00000)
 ParOldGen       total 191488K, used 69307K [0x0000000080000000, 0x000000008bb00000, 0x00000000d5580000)
  object space 191488K, 36% used [0x0000000080000000,0x00000000843aee28,0x000000008bb00000)
 Metaspace       used 126846K, capacity 132602K, committed 132824K, reserved 1165312K
  class space    used 16418K, capacity 17582K, committed 17664K, reserved 1048576K
Event: 978.022 GC heap after
Heap after GC invocations=36 (full 4):
 PSYoungGen      total 330752K, used 30400K [0x00000000d5580000, 0x00000000ec300000, 0x0000000100000000)
  eden space 293376K, 0% used [0x00000000d5580000,0x00000000d5580000,0x00000000e7400000)
  from space 37376K, 81% used [0x00000000e9a80000,0x00000000eb830160,0x00000000ebf00000)
  to   space 39424K, 0% used [0x00000000e7400000,0x00000000e7400000,0x00000000e9a80000)
 ParOldGen       total 191488K, used 69315K [0x0000000080000000, 0x000000008bb00000, 0x00000000d5580000)
  object space 191488K, 36% used [0x0000000080000000,0x00000000843b0e28,0x000000008bb00000)
 Metaspace       used 126846K, capacity 132602K, committed 132824K, reserved 1165312K
  class space    used 16418K, capacity 17582K, committed 17664K, reserved 1048576K
}
Event: 980.222 GC heap before
{Heap before GC invocations=37 (full 4):
 PSYoungGen      total 330752K, used 323776K [0x00000000d5580000, 0x00000000ec300000, 0x0000000100000000)
  eden space 293376K, 100% used [0x00000000d5580000,0x00000000e7400000,0x00000000e7400000)
  from space 37376K, 81% used [0x00000000e9a80000,0x00000000eb830160,0x00000000ebf00000)
  to   space 39424K, 0% used [0x00000000e7400000,0x00000000e7400000,0x00000000e9a80000)
 ParOldGen       total 191488K, used 69315K [0x0000000080000000, 0x000000008bb00000, 0x00000000d5580000)
  object space 191488K, 36% used [0x0000000080000000,0x00000000843b0e28,0x000000008bb00000)
 Metaspace       used 132449K, capacity 138596K, committed 138840K, reserved 1169408K
  class space    used 17252K, capacity 18537K, committed 18560K, reserved 1048576K
Event: 980.255 GC heap after
Heap after GC invocations=37 (full 4):
 PSYoungGen      total 332800K, used 36151K [0x00000000d5580000, 0x00000000eeb80000, 0x0000000100000000)
  eden space 293376K, 0% used [0x00000000d5580000,0x00000000d5580000,0x00000000e7400000)
  from space 39424K, 91% used [0x00000000e7400000,0x00000000e974de50,0x00000000e9a80000)
  to   space 43008K, 0% used [0x00000000ec180000,0x00000000ec180000,0x00000000eeb80000)
 ParOldGen       total 191488K, used 70047K [0x0000000080000000, 0x000000008bb00000, 0x00000000d5580000)
  object space 191488K, 36% used [0x0000000080000000,0x0000000084467e38,0x000000008bb00000)
 Metaspace       used 132449K, capacity 138596K, committed 138840K, reserved 1169408K
  class space    used 17252K, capacity 18537K, committed 18560K, reserved 1048576K
}
Event: 982.413 GC heap before
{Heap before GC invocations=38 (full 4):
 PSYoungGen      total 332800K, used 329527K [0x00000000d5580000, 0x00000000eeb80000, 0x0000000100000000)
  eden space 293376K, 100% used [0x00000000d5580000,0x00000000e7400000,0x00000000e7400000)
  from space 39424K, 91% used [0x00000000e7400000,0x00000000e974de50,0x00000000e9a80000)
  to   space 43008K, 0% used [0x00000000ec180000,0x00000000ec180000,0x00000000eeb80000)
 ParOldGen       total 191488K, used 70047K [0x0000000080000000, 0x000000008bb00000, 0x00000000d5580000)
  object space 191488K, 36% used [0x0000000080000000,0x0000000084467e38,0x000000008bb00000)
 Metaspace       used 138051K, capacity 144986K, committed 145112K, reserved 1175552K
  class space    used 17943K, capacity 19348K, committed 19456K, reserved 1048576K
Event: 982.476 GC heap after
Heap after GC invocations=38 (full 4):
 PSYoungGen      total 336384K, used 43007K [0x00000000d5580000, 0x00000000eeb80000, 0x0000000100000000)
  eden space 293376K, 0% used [0x00000000d5580000,0x00000000d5580000,0x00000000e7400000)
  from space 43008K, 99% used [0x00000000ec180000,0x00000000eeb7fdd8,0x00000000eeb80000)
  to   space 39424K, 0% used [0x00000000e7400000,0x00000000e7400000,0x00000000e9a80000)
 ParOldGen       total 191488K, used 80134K [0x0000000080000000, 0x000000008bb00000, 0x00000000d5580000)
  object space 191488K, 41% used [0x0000000080000000,0x0000000084e41ab0,0x000000008bb00000)
 Metaspace       used 138051K, capacity 144986K, committed 145112K, reserved 1175552K
  class space    used 17943K, capacity 19348K, committed 19456K, reserved 1048576K
}

