# JRE version: OpenJDK Runtime Environment (8.0_242-b01) (build 1.8.0_242-release-1644-b01)
# Java VM: OpenJDK 64-Bit Server VM (25.242-b01 mixed mode windows-amd64 compressed oops)
Heap:
 PSYoungGen      total 396288K, used 373930K [0x00000000d5580000, 0x00000000ef900000, 0x0000000100000000)
  eden space 363008K, 100% used [0x00000000d5580000,0x00000000eb800000,0x00000000eb800000)
  from space 33280K, 32% used [0x00000000eb800000,0x00000000ec2aa9c0,0x00000000ed880000)
  to   space 32256K, 45% used [0x00000000ed980000,0x00000000ee7ec4b0,0x00000000ef900000)
 ParOldGen       total 196608K, used 139410K [0x0000000080000000, 0x000000008c000000, 0x00000000d5580000)
  object space 196608K, 70% used [0x0000000080000000,0x00000000888248d8,0x000000008c000000)
 Metaspace       used 114035K, capacity 119964K, committed 121216K, reserved 1155072K
  class space    used 14477K, capacity 15604K, committed 16000K, reserved 1048576K
GC Heap History (10 events):
Event: 2698.351 GC heap before
{Heap before GC invocations=40 (full 5):
 PSYoungGen      total 395264K, used 368171K [0x00000000d5580000, 0x00000000ef900000, 0x0000000100000000)
  eden space 363008K, 100% used [0x00000000d5580000,0x00000000eb800000,0x00000000eb800000)
  from space 32256K, 16% used [0x00000000ed980000,0x00000000ede8afa8,0x00000000ef900000)
  to   space 33280K, 0% used [0x00000000eb800000,0x00000000eb800000,0x00000000ed880000)
 ParOldGen       total 196608K, used 109068K [0x0000000080000000, 0x000000008c000000, 0x00000000d5580000)
  object space 196608K, 55% used [0x0000000080000000,0x0000000086a83328,0x000000008c000000)
 Metaspace       used 113749K, capacity 119630K, committed 120960K, reserved 1155072K
  class space    used 14470K, capacity 15595K, committed 16000K, reserved 1048576K
Event: 2698.382 GC heap after
Heap after GC invocations=40 (full 5):
 PSYoungGen      total 396288K, used 11276K [0x00000000d5580000, 0x00000000ef900000, 0x0000000100000000)
  eden space 363008K, 0% used [0x00000000d5580000,0x00000000d5580000,0x00000000eb800000)
  from space 33280K, 33% used [0x00000000eb800000,0x00000000ec303020,0x00000000ed880000)
  to   space 32256K, 0% used [0x00000000ed980000,0x00000000ed980000,0x00000000ef900000)
 ParOldGen       total 196608K, used 112919K [0x0000000080000000, 0x000000008c000000, 0x00000000d5580000)
  object space 196608K, 57% used [0x0000000080000000,0x0000000086e45cd8,0x000000008c000000)
 Metaspace       used 113749K, capacity 119630K, committed 120960K, reserved 1155072K
  class space    used 14470K, capacity 15595K, committed 16000K, reserved 1048576K
}
Event: 2699.500 GC heap before
{Heap before GC invocations=41 (full 5):
 PSYoungGen      total 396288K, used 374284K [0x00000000d5580000, 0x00000000ef900000, 0x0000000100000000)
  eden space 363008K, 100% used [0x00000000d5580000,0x00000000eb800000,0x00000000eb800000)
  from space 33280K, 33% used [0x00000000eb800000,0x00000000ec303020,0x00000000ed880000)
  to   space 32256K, 0% used [0x00000000ed980000,0x00000000ed980000,0x00000000ef900000)
 ParOldGen       total 196608K, used 112919K [0x0000000080000000, 0x000000008c000000, 0x00000000d5580000)
  object space 196608K, 57% used [0x0000000080000000,0x0000000086e45cd8,0x000000008c000000)
 Metaspace       used 113960K, capacity 119864K, committed 121216K, reserved 1155072K
  class space    used 14476K, capacity 15602K, committed 16000K, reserved 1048576K
Event: 2699.520 GC heap after
Heap after GC invocations=41 (full 5):
 PSYoungGen      total 395264K, used 11138K [0x00000000d5580000, 0x00000000ef900000, 0x0000000100000000)
  eden space 363008K, 0% used [0x00000000d5580000,0x00000000d5580000,0x00000000eb800000)
  from space 32256K, 34% used [0x00000000ed980000,0x00000000ee460850,0x00000000ef900000)
  to   space 33280K, 0% used [0x00000000eb800000,0x00000000eb800000,0x00000000ed880000)
 ParOldGen       total 196608K, used 117757K [0x0000000080000000, 0x000000008c000000, 0x00000000d5580000)
  object space 196608K, 59% used [0x0000000080000000,0x00000000872ff580,0x000000008c000000)
 Metaspace       used 113960K, capacity 119864K, committed 121216K, reserved 1155072K
  class space    used 14476K, capacity 15602K, committed 16000K, reserved 1048576K
}
Event: 2700.535 GC heap before
{Heap before GC invocations=42 (full 5):
 PSYoungGen      total 395264K, used 374146K [0x00000000d5580000, 0x00000000ef900000, 0x0000000100000000)
  eden space 363008K, 100% used [0x00000000d5580000,0x00000000eb800000,0x00000000eb800000)
  from space 32256K, 34% used [0x00000000ed980000,0x00000000ee460850,0x00000000ef900000)
  to   space 33280K, 0% used [0x00000000eb800000,0x00000000eb800000,0x00000000ed880000)
 ParOldGen       total 196608K, used 117757K [0x0000000080000000, 0x000000008c000000, 0x00000000d5580000)
  object space 196608K, 59% used [0x0000000080000000,0x00000000872ff580,0x000000008c000000)
 Metaspace       used 113968K, capacity 119868K, committed 121216K, reserved 1155072K
  class space    used 14476K, capacity 15602K, committed 16000K, reserved 1048576K
Event: 2700.566 GC heap after
Heap after GC invocations=42 (full 5):
 PSYoungGen      total 396288K, used 10455K [0x00000000d5580000, 0x00000000ef900000, 0x0000000100000000)
  eden space 363008K, 0% used [0x00000000d5580000,0x00000000d5580000,0x00000000eb800000)
  from space 33280K, 31% used [0x00000000eb800000,0x00000000ec235f00,0x00000000ed880000)
  to   space 32256K, 0% used [0x00000000ed980000,0x00000000ed980000,0x00000000ef900000)
 ParOldGen       total 196608K, used 126728K [0x0000000080000000, 0x000000008c000000, 0x00000000d5580000)
  object space 196608K, 64% used [0x0000000080000000,0x0000000087bc2288,0x000000008c000000)
 Metaspace       used 113968K, capacity 119868K, committed 121216K, reserved 1155072K
  class space    used 14476K, capacity 15602K, committed 16000K, reserved 1048576K
}
Event: 2701.611 GC heap before
{Heap before GC invocations=43 (full 5):
 PSYoungGen      total 396288K, used 373463K [0x00000000d5580000, 0x00000000ef900000, 0x0000000100000000)
  eden space 363008K, 100% used [0x00000000d5580000,0x00000000eb800000,0x00000000eb800000)
  from space 33280K, 31% used [0x00000000eb800000,0x00000000ec235f00,0x00000000ed880000)
  to   space 32256K, 0% used [0x00000000ed980000,0x00000000ed980000,0x00000000ef900000)
 ParOldGen       total 196608K, used 126728K [0x0000000080000000, 0x000000008c000000, 0x00000000d5580000)
  object space 196608K, 64% used [0x0000000080000000,0x0000000087bc2288,0x000000008c000000)
 Metaspace       used 113995K, capacity 119892K, committed 121216K, reserved 1155072K
  class space    used 14477K, capacity 15604K, committed 16000K, reserved 1048576K
Event: 2701.636 GC heap after
Heap after GC invocations=43 (full 5):
 PSYoungGen      total 395264K, used 19895K [0x00000000d5580000, 0x00000000ef900000, 0x0000000100000000)
  eden space 363008K, 0% used [0x00000000d5580000,0x00000000d5580000,0x00000000eb800000)
  from space 32256K, 61% used [0x00000000ed980000,0x00000000eecedde0,0x00000000ef900000)
  to   space 33280K, 0% used [0x00000000eb800000,0x00000000eb800000,0x00000000ed880000)
 ParOldGen       total 196608K, used 130742K [0x0000000080000000, 0x000000008c000000, 0x00000000d5580000)
  object space 196608K, 66% used [0x0000000080000000,0x0000000087fad858,0x000000008c000000)
 Metaspace       used 113995K, capacity 119892K, committed 121216K, reserved 1155072K
  class space    used 14477K, capacity 15604K, committed 16000K, reserved 1048576K
}
Event: 2702.631 GC heap before
{Heap before GC invocations=44 (full 5):
 PSYoungGen      total 395264K, used 382903K [0x00000000d5580000, 0x00000000ef900000, 0x0000000100000000)
  eden space 363008K, 100% used [0x00000000d5580000,0x00000000eb800000,0x00000000eb800000)
  from space 32256K, 61% used [0x00000000ed980000,0x00000000eecedde0,0x00000000ef900000)
  to   space 33280K, 0% used [0x00000000eb800000,0x00000000eb800000,0x00000000ed880000)
 ParOldGen       total 196608K, used 130742K [0x0000000080000000, 0x000000008c000000, 0x00000000d5580000)
  object space 196608K, 66% used [0x0000000080000000,0x0000000087fad858,0x000000008c000000)
 Metaspace       used 114013K, capacity 119896K, committed 121216K, reserved 1155072K
  class space    used 14477K, capacity 15604K, committed 16000K, reserved 1048576K
Event: 2702.671 GC heap after
Heap after GC invocations=44 (full 5):
 PSYoungGen      total 396288K, used 10922K [0x00000000d5580000, 0x00000000ef900000, 0x0000000100000000)
  eden space 363008K, 0% used [0x00000000d5580000,0x00000000d5580000,0x00000000eb800000)
  from space 33280K, 32% used [0x00000000eb800000,0x00000000ec2aa9c0,0x00000000ed880000)
  to   space 32256K, 0% used [0x00000000ed980000,0x00000000ed980000,0x00000000ef900000)
 ParOldGen       total 196608K, used 136678K [0x0000000080000000, 0x000000008c000000, 0x00000000d5580000)
  object space 196608K, 69% used [0x0000000080000000,0x0000000088579a50,0x000000008c000000)
 Metaspace       used 114013K, capacity 119896K, committed 121216K, reserved 1155072K
  class space    used 14477K, capacity 15604K, committed 16000K, reserved 1048576K
}

