# JRE version: OpenJDK Runtime Environment (8.0_242-b01) (build 1.8.0_242-release-1644-b01)
# Java VM: OpenJDK 64-Bit Server VM (25.242-b01 mixed mode windows-amd64 compressed oops)
Heap:
 PSYoungGen      total 138752K, used 10920K [0x00000000d5580000, 0x00000000dfb00000, 0x0000000100000000)
  eden space 130560K, 2% used [0x00000000d5580000,0x00000000d5830d98,0x00000000dd500000)
  from space 8192K, 99% used [0x00000000de380000,0x00000000deb79298,0x00000000deb80000)
  to   space 14848K, 0% used [0x00000000dd500000,0x00000000dd500000,0x00000000de380000)
 ParOldGen       total 65536K, used 21302K [0x0000000080000000, 0x0000000084000000, 0x00000000d5580000)
  object space 65536K, 32% used [0x0000000080000000,0x00000000814cdaa0,0x0000000084000000)
 Metaspace       used 42027K, capacity 43460K, committed 43560K, reserved 1087488K
  class space    used 5707K, capacity 6090K, committed 6184K, reserved 1048576K
GC Heap History (10 events):
Event: 3.044 GC heap before
{Heap before GC invocations=6 (full 1):
 PSYoungGen      total 71680K, used 5088K [0x00000000d5580000, 0x00000000def80000, 0x0000000100000000)
  eden space 66560K, 0% used [0x00000000d5580000,0x00000000d5580000,0x00000000d9680000)
  from space 5120K, 99% used [0x00000000d9680000,0x00000000d9b78050,0x00000000d9b80000)
  to   space 12288K, 0% used [0x00000000de380000,0x00000000de380000,0x00000000def80000)
 ParOldGen       total 87552K, used 10302K [0x0000000080000000, 0x0000000085580000, 0x00000000d5580000)
  object space 87552K, 11% used [0x0000000080000000,0x0000000080a0f908,0x0000000085580000)
 Metaspace       used 20548K, capacity 21286K, committed 21296K, reserved 1067008K
  class space    used 2884K, capacity 3113K, committed 3120K, reserved 1048576K
Event: 3.078 GC heap after
Heap after GC invocations=6 (full 1):
 PSYoungGen      total 71680K, used 0K [0x00000000d5580000, 0x00000000def80000, 0x0000000100000000)
  eden space 66560K, 0% used [0x00000000d5580000,0x00000000d5580000,0x00000000d9680000)
  from space 5120K, 0% used [0x00000000d9680000,0x00000000d9680000,0x00000000d9b80000)
  to   space 12288K, 0% used [0x00000000de380000,0x00000000de380000,0x00000000def80000)
 ParOldGen       total 65536K, used 11009K [0x0000000080000000, 0x0000000084000000, 0x00000000d5580000)
  object space 65536K, 16% used [0x0000000080000000,0x0000000080ac0620,0x0000000084000000)
 Metaspace       used 20548K, capacity 21286K, committed 21296K, reserved 1067008K
  class space    used 2884K, capacity 3113K, committed 3120K, reserved 1048576K
}
Event: 3.771 GC heap before
{Heap before GC invocations=7 (full 1):
 PSYoungGen      total 71680K, used 66560K [0x00000000d5580000, 0x00000000def80000, 0x0000000100000000)
  eden space 66560K, 100% used [0x00000000d5580000,0x00000000d9680000,0x00000000d9680000)
  from space 5120K, 0% used [0x00000000d9680000,0x00000000d9680000,0x00000000d9b80000)
  to   space 12288K, 0% used [0x00000000de380000,0x00000000de380000,0x00000000def80000)
 ParOldGen       total 65536K, used 11009K [0x0000000080000000, 0x0000000084000000, 0x00000000d5580000)
  object space 65536K, 16% used [0x0000000080000000,0x0000000080ac0620,0x0000000084000000)
 Metaspace       used 28446K, capacity 29320K, committed 29616K, reserved 1075200K
  class space    used 3925K, capacity 4191K, committed 4272K, reserved 1048576K
Event: 3.779 GC heap after
Heap after GC invocations=7 (full 1):
 PSYoungGen      total 111616K, used 8166K [0x00000000d5580000, 0x00000000deb80000, 0x0000000100000000)
  eden space 103424K, 0% used [0x00000000d5580000,0x00000000d5580000,0x00000000dba80000)
  from space 8192K, 99% used [0x00000000de380000,0x00000000deb79a88,0x00000000deb80000)
  to   space 12288K, 0% used [0x00000000dd380000,0x00000000dd380000,0x00000000ddf80000)
 ParOldGen       total 65536K, used 11017K [0x0000000080000000, 0x0000000084000000, 0x00000000d5580000)
  object space 65536K, 16% used [0x0000000080000000,0x0000000080ac2620,0x0000000084000000)
 Metaspace       used 28446K, capacity 29320K, committed 29616K, reserved 1075200K
  class space    used 3925K, capacity 4191K, committed 4272K, reserved 1048576K
}
Event: 4.741 GC heap before
{Heap before GC invocations=8 (full 1):
 PSYoungGen      total 111616K, used 104099K [0x00000000d5580000, 0x00000000deb80000, 0x0000000100000000)
  eden space 103424K, 92% used [0x00000000d5580000,0x00000000db32f4e8,0x00000000dba80000)
  from space 8192K, 99% used [0x00000000de380000,0x00000000deb79a88,0x00000000deb80000)
  to   space 12288K, 0% used [0x00000000dd380000,0x00000000dd380000,0x00000000ddf80000)
 ParOldGen       total 65536K, used 11017K [0x0000000080000000, 0x0000000084000000, 0x00000000d5580000)
  object space 65536K, 16% used [0x0000000080000000,0x0000000080ac2620,0x0000000084000000)
 Metaspace       used 34140K, capacity 35360K, committed 35496K, reserved 1079296K
  class space    used 4630K, capacity 4950K, committed 5032K, reserved 1048576K
Event: 4.753 GC heap after
Heap after GC invocations=8 (full 1):
 PSYoungGen      total 115712K, used 11326K [0x00000000d5580000, 0x00000000deb80000, 0x0000000100000000)
  eden space 103424K, 0% used [0x00000000d5580000,0x00000000d5580000,0x00000000dba80000)
  from space 12288K, 92% used [0x00000000dd380000,0x00000000dde8fab0,0x00000000ddf80000)
  to   space 8192K, 0% used [0x00000000de380000,0x00000000de380000,0x00000000deb80000)
 ParOldGen       total 65536K, used 11025K [0x0000000080000000, 0x0000000084000000, 0x00000000d5580000)
  object space 65536K, 16% used [0x0000000080000000,0x0000000080ac4620,0x0000000084000000)
 Metaspace       used 34140K, capacity 35360K, committed 35496K, reserved 1079296K
  class space    used 4630K, capacity 4950K, committed 5032K, reserved 1048576K
}
Event: 4.753 GC heap before
{Heap before GC invocations=9 (full 2):
 PSYoungGen      total 115712K, used 11326K [0x00000000d5580000, 0x00000000deb80000, 0x0000000100000000)
  eden space 103424K, 0% used [0x00000000d5580000,0x00000000d5580000,0x00000000dba80000)
  from space 12288K, 92% used [0x00000000dd380000,0x00000000dde8fab0,0x00000000ddf80000)
  to   space 8192K, 0% used [0x00000000de380000,0x00000000de380000,0x00000000deb80000)
 ParOldGen       total 65536K, used 11025K [0x0000000080000000, 0x0000000084000000, 0x00000000d5580000)
  object space 65536K, 16% used [0x0000000080000000,0x0000000080ac4620,0x0000000084000000)
 Metaspace       used 34140K, capacity 35360K, committed 35496K, reserved 1079296K
  class space    used 4630K, capacity 4950K, committed 5032K, reserved 1048576K
Event: 4.813 GC heap after
Heap after GC invocations=9 (full 2):
 PSYoungGen      total 115712K, used 0K [0x00000000d5580000, 0x00000000deb80000, 0x0000000100000000)
  eden space 103424K, 0% used [0x00000000d5580000,0x00000000d5580000,0x00000000dba80000)
  from space 12288K, 0% used [0x00000000dd380000,0x00000000dd380000,0x00000000ddf80000)
  to   space 8192K, 0% used [0x00000000de380000,0x00000000de380000,0x00000000deb80000)
 ParOldGen       total 65536K, used 17916K [0x0000000080000000, 0x0000000084000000, 0x00000000d5580000)
  object space 65536K, 27% used [0x0000000080000000,0x000000008117f280,0x0000000084000000)
 Metaspace       used 34140K, capacity 35360K, committed 35496K, reserved 1079296K
  class space    used 4630K, capacity 4950K, committed 5032K, reserved 1048576K
}
Event: 6.316 GC heap before
{Heap before GC invocations=10 (full 2):
 PSYoungGen      total 115712K, used 103424K [0x00000000d5580000, 0x00000000deb80000, 0x0000000100000000)
  eden space 103424K, 100% used [0x00000000d5580000,0x00000000dba80000,0x00000000dba80000)
  from space 12288K, 0% used [0x00000000dd380000,0x00000000dd380000,0x00000000ddf80000)
  to   space 8192K, 0% used [0x00000000de380000,0x00000000de380000,0x00000000deb80000)
 ParOldGen       total 65536K, used 17916K [0x0000000080000000, 0x0000000084000000, 0x00000000d5580000)
  object space 65536K, 27% used [0x0000000080000000,0x000000008117f280,0x0000000084000000)
 Metaspace       used 41874K, capacity 43396K, committed 43560K, reserved 1087488K
  class space    used 5688K, capacity 6090K, committed 6184K, reserved 1048576K
Event: 6.333 GC heap after
Heap after GC invocations=10 (full 2):
 PSYoungGen      total 138752K, used 8164K [0x00000000d5580000, 0x00000000dfb00000, 0x0000000100000000)
  eden space 130560K, 0% used [0x00000000d5580000,0x00000000d5580000,0x00000000dd500000)
  from space 8192K, 99% used [0x00000000de380000,0x00000000deb79298,0x00000000deb80000)
  to   space 14848K, 0% used [0x00000000dd500000,0x00000000dd500000,0x00000000de380000)
 ParOldGen       total 65536K, used 21302K [0x0000000080000000, 0x0000000084000000, 0x00000000d5580000)
  object space 65536K, 32% used [0x0000000080000000,0x00000000814cdaa0,0x0000000084000000)
 Metaspace       used 41874K, capacity 43396K, committed 43560K, reserved 1087488K
  class space    used 5688K, capacity 6090K, committed 6184K, reserved 1048576K
}

