# JRE version: OpenJDK Runtime Environment (8.0_242-b01) (build 1.8.0_242-release-1644-b01)
# Java VM: OpenJDK 64-Bit Server VM (25.242-b01 mixed mode windows-amd64 compressed oops)
Heap:
 PSYoungGen      total 137216K, used 80535K [0x00000000d5580000, 0x00000000de580000, 0x0000000100000000)
  eden space 126464K, 58% used [0x00000000d5580000,0x00000000d9e396c8,0x00000000dd100000)
  from space 10752K, 56% used [0x00000000ddb00000,0x00000000de0ec898,0x00000000de580000)
  to   space 10240K, 0% used [0x00000000dd100000,0x00000000dd100000,0x00000000ddb00000)
 ParOldGen       total 83456K, used 19996K [0x0000000080000000, 0x0000000085180000, 0x00000000d5580000)
  object space 83456K, 23% used [0x0000000080000000,0x00000000813873e0,0x0000000085180000)
 Metaspace       used 49145K, capacity 50926K, committed 51120K, reserved 1093632K
  class space    used 6430K, capacity 6824K, committed 6832K, reserved 1048576K
GC Heap History (10 events):
Event: 12.855 GC heap before
{Heap before GC invocations=12 (full 2):
 PSYoungGen      total 91648K, used 5405K [0x00000000d5580000, 0x00000000db900000, 0x0000000100000000)
  eden space 81408K, 0% used [0x00000000d5580000,0x00000000d5580000,0x00000000da500000)
  from space 10240K, 52% used [0x00000000daf00000,0x00000000db447548,0x00000000db900000)
  to   space 10240K, 0% used [0x00000000da500000,0x00000000da500000,0x00000000daf00000)
 ParOldGen       total 55296K, used 12188K [0x0000000080000000, 0x0000000083600000, 0x00000000d5580000)
  object space 55296K, 22% used [0x0000000080000000,0x0000000080be72c8,0x0000000083600000)
 Metaspace       used 34522K, capacity 35366K, committed 35496K, reserved 1079296K
  class space    used 4588K, capacity 4840K, committed 4912K, reserved 1048576K
Event: 12.898 GC heap after
Heap after GC invocations=12 (full 2):
 PSYoungGen      total 91648K, used 0K [0x00000000d5580000, 0x00000000db900000, 0x0000000100000000)
  eden space 81408K, 0% used [0x00000000d5580000,0x00000000d5580000,0x00000000da500000)
  from space 10240K, 0% used [0x00000000daf00000,0x00000000daf00000,0x00000000db900000)
  to   space 10240K, 0% used [0x00000000da500000,0x00000000da500000,0x00000000daf00000)
 ParOldGen       total 83456K, used 15369K [0x0000000080000000, 0x0000000085180000, 0x00000000d5580000)
  object space 83456K, 18% used [0x0000000080000000,0x0000000080f024e0,0x0000000085180000)
 Metaspace       used 34522K, capacity 35366K, committed 35496K, reserved 1079296K
  class space    used 4588K, capacity 4840K, committed 4912K, reserved 1048576K
}
Event: 13.906 GC heap before
{Heap before GC invocations=13 (full 2):
 PSYoungGen      total 91648K, used 81408K [0x00000000d5580000, 0x00000000db900000, 0x0000000100000000)
  eden space 81408K, 100% used [0x00000000d5580000,0x00000000da500000,0x00000000da500000)
  from space 10240K, 0% used [0x00000000daf00000,0x00000000daf00000,0x00000000db900000)
  to   space 10240K, 0% used [0x00000000da500000,0x00000000da500000,0x00000000daf00000)
 ParOldGen       total 83456K, used 15369K [0x0000000080000000, 0x0000000085180000, 0x00000000d5580000)
  object space 83456K, 18% used [0x0000000080000000,0x0000000080f024e0,0x0000000085180000)
 Metaspace       used 38490K, capacity 39726K, committed 39856K, reserved 1083392K
  class space    used 5156K, capacity 5454K, committed 5552K, reserved 1048576K
Event: 13.916 GC heap after
Heap after GC invocations=13 (full 2):
 PSYoungGen      total 91648K, used 7567K [0x00000000d5580000, 0x00000000dd180000, 0x0000000100000000)
  eden space 81408K, 0% used [0x00000000d5580000,0x00000000d5580000,0x00000000da500000)
  from space 10240K, 73% used [0x00000000da500000,0x00000000dac63ed0,0x00000000daf00000)
  to   space 10752K, 0% used [0x00000000dc700000,0x00000000dc700000,0x00000000dd180000)
 ParOldGen       total 83456K, used 15369K [0x0000000080000000, 0x0000000085180000, 0x00000000d5580000)
  object space 83456K, 18% used [0x0000000080000000,0x0000000080f024e0,0x0000000085180000)
 Metaspace       used 38490K, capacity 39726K, committed 39856K, reserved 1083392K
  class space    used 5156K, capacity 5454K, committed 5552K, reserved 1048576K
}
Event: 16.812 GC heap before
{Heap before GC invocations=14 (full 2):
 PSYoungGen      total 91648K, used 88975K [0x00000000d5580000, 0x00000000dd180000, 0x0000000100000000)
  eden space 81408K, 100% used [0x00000000d5580000,0x00000000da500000,0x00000000da500000)
  from space 10240K, 73% used [0x00000000da500000,0x00000000dac63ed0,0x00000000daf00000)
  to   space 10752K, 0% used [0x00000000dc700000,0x00000000dc700000,0x00000000dd180000)
 ParOldGen       total 83456K, used 15369K [0x0000000080000000, 0x0000000085180000, 0x00000000d5580000)
  object space 83456K, 18% used [0x0000000080000000,0x0000000080f024e0,0x0000000085180000)
 Metaspace       used 45978K, capacity 47412K, committed 47792K, reserved 1091584K
  class space    used 6097K, capacity 6449K, committed 6576K, reserved 1048576K
Event: 16.823 GC heap after
Heap after GC invocations=14 (full 2):
 PSYoungGen      total 111104K, used 8041K [0x00000000d5580000, 0x00000000dcf00000, 0x0000000100000000)
  eden space 102912K, 0% used [0x00000000d5580000,0x00000000d5580000,0x00000000dba00000)
  from space 8192K, 98% used [0x00000000dc700000,0x00000000dceda708,0x00000000dcf00000)
  to   space 10752K, 0% used [0x00000000dba00000,0x00000000dba00000,0x00000000dc480000)
 ParOldGen       total 83456K, used 19980K [0x0000000080000000, 0x0000000085180000, 0x00000000d5580000)
  object space 83456K, 23% used [0x0000000080000000,0x00000000813833e0,0x0000000085180000)
 Metaspace       used 45978K, capacity 47412K, committed 47792K, reserved 1091584K
  class space    used 6097K, capacity 6449K, committed 6576K, reserved 1048576K
}
Event: 41.541 GC heap before
{Heap before GC invocations=15 (full 2):
 PSYoungGen      total 111104K, used 110953K [0x00000000d5580000, 0x00000000dcf00000, 0x0000000100000000)
  eden space 102912K, 100% used [0x00000000d5580000,0x00000000dba00000,0x00000000dba00000)
  from space 8192K, 98% used [0x00000000dc700000,0x00000000dceda708,0x00000000dcf00000)
  to   space 10752K, 0% used [0x00000000dba00000,0x00000000dba00000,0x00000000dc480000)
 ParOldGen       total 83456K, used 19980K [0x0000000080000000, 0x0000000085180000, 0x00000000d5580000)
  object space 83456K, 23% used [0x0000000080000000,0x00000000813833e0,0x0000000085180000)
 Metaspace       used 47350K, capacity 48916K, committed 49072K, reserved 1091584K
  class space    used 6174K, capacity 6525K, committed 6576K, reserved 1048576K
Event: 41.550 GC heap after
Heap after GC invocations=15 (full 2):
 PSYoungGen      total 113664K, used 6945K [0x00000000d5580000, 0x00000000de580000, 0x0000000100000000)
  eden space 102912K, 0% used [0x00000000d5580000,0x00000000d5580000,0x00000000dba00000)
  from space 10752K, 64% used [0x00000000dba00000,0x00000000dc0c84f8,0x00000000dc480000)
  to   space 10752K, 0% used [0x00000000ddb00000,0x00000000ddb00000,0x00000000de580000)
 ParOldGen       total 83456K, used 19988K [0x0000000080000000, 0x0000000085180000, 0x00000000d5580000)
  object space 83456K, 23% used [0x0000000080000000,0x00000000813853e0,0x0000000085180000)
 Metaspace       used 47350K, capacity 48916K, committed 49072K, reserved 1091584K
  class space    used 6174K, capacity 6525K, committed 6576K, reserved 1048576K
}
Event: 42.171 GC heap before
{Heap before GC invocations=16 (full 2):
 PSYoungGen      total 113664K, used 109857K [0x00000000d5580000, 0x00000000de580000, 0x0000000100000000)
  eden space 102912K, 100% used [0x00000000d5580000,0x00000000dba00000,0x00000000dba00000)
  from space 10752K, 64% used [0x00000000dba00000,0x00000000dc0c84f8,0x00000000dc480000)
  to   space 10752K, 0% used [0x00000000ddb00000,0x00000000ddb00000,0x00000000de580000)
 ParOldGen       total 83456K, used 19988K [0x0000000080000000, 0x0000000085180000, 0x00000000d5580000)
  object space 83456K, 23% used [0x0000000080000000,0x00000000813853e0,0x0000000085180000)
 Metaspace       used 47361K, capacity 48916K, committed 49072K, reserved 1091584K
  class space    used 6175K, capacity 6525K, committed 6576K, reserved 1048576K
Event: 42.177 GC heap after
Heap after GC invocations=16 (full 2):
 PSYoungGen      total 137216K, used 6066K [0x00000000d5580000, 0x00000000de580000, 0x0000000100000000)
  eden space 126464K, 0% used [0x00000000d5580000,0x00000000d5580000,0x00000000dd100000)
  from space 10752K, 56% used [0x00000000ddb00000,0x00000000de0ec898,0x00000000de580000)
  to   space 10240K, 0% used [0x00000000dd100000,0x00000000dd100000,0x00000000ddb00000)
 ParOldGen       total 83456K, used 19996K [0x0000000080000000, 0x0000000085180000, 0x00000000d5580000)
  object space 83456K, 23% used [0x0000000080000000,0x00000000813873e0,0x0000000085180000)
 Metaspace       used 47361K, capacity 48916K, committed 49072K, reserved 1091584K
  class space    used 6175K, capacity 6525K, committed 6576K, reserved 1048576K
}

